[debug] [2021-06-20T11:26:19.937Z] ----------------------------------------------------------------------
[debug] [2021-06-20T11:26:19.942Z] Command:       C:\Program Files\nodejs\node.exe C:\Program Files\nodejs\node_modules\firebase-tools\lib\bin\firebase.js init
[debug] [2021-06-20T11:26:19.943Z] CLI Version:   9.13.1
[debug] [2021-06-20T11:26:19.944Z] Platform:      win32
[debug] [2021-06-20T11:26:19.944Z] Node Version:  v14.16.0
[debug] [2021-06-20T11:26:19.946Z] Time:          Sun Jun 20 2021 18:26:19 GMT+0700 (Indochina Time)
[debug] [2021-06-20T11:26:19.947Z] ----------------------------------------------------------------------
[debug] 
[debug] [2021-06-20T11:26:19.967Z] > command requires scopes: ["email","openid","https://www.googleapis.com/auth/cloudplatformprojects.readonly","https://www.googleapis.com/auth/firebase","https://www.googleapis.com/auth/cloud-platform"]
[debug] [2021-06-20T11:26:19.967Z] > authorizing via signed-in user (suwananpoedpong@gmail.com)
[info] 
     ######## #### ########  ######## ########     ###     ######  ########
     ##        ##  ##     ## ##       ##     ##  ##   ##  ##       ##
     ######    ##  ########  ######   ########  #########  ######  ######
     ##        ##  ##    ##  ##       ##     ## ##     ##       ## ##
     ##       #### ##     ## ######## ########  ##     ##  ######  ########

You're about to initialize a Firebase project in this directory:

  C:\Users\OOY\Desktop\New folder\testAngularDeploy

[info] 
=== Project Setup
[info] 
[info] First, let's associate this project directory with a Firebase project.
[info] You can create multiple project aliases by running firebase use --add, 
[info] but for now we'll just set up a default project.
[info] 
[debug] [2021-06-20T11:27:03.665Z] > refreshing access token with scopes: []
[debug] [2021-06-20T11:27:03.667Z] >>> HTTP REQUEST POST https://www.googleapis.com/oauth2/v3/token  
 <request body omitted>
[debug] [2021-06-20T11:27:03.931Z] <<< HTTP RESPONSE 200 {"cache-control":"no-cache, no-store, max-age=0, must-revalidate","expires":"Mon, 01 Jan 1990 00:00:00 GMT","pragma":"no-cache","date":"Sun, 20 Jun 2021 11:27:05 GMT","content-type":"application/json; charset=utf-8","vary":"X-Origin, Referer, Origin,Accept-Encoding","server":"scaffolding on HTTPServer2","x-xss-protection":"0","x-frame-options":"SAMEORIGIN","x-content-type-options":"nosniff","alt-svc":"h3=\":443\"; ma=2592000,h3-29=\":443\"; ma=2592000,h3-T051=\":443\"; ma=2592000,h3-Q050=\":443\"; ma=2592000,h3-Q046=\":443\"; ma=2592000,h3-Q043=\":443\"; ma=2592000,quic=\":443\"; ma=2592000; v=\"46,43\"","accept-ranges":"none","transfer-encoding":"chunked"}
[debug] [2021-06-20T11:27:04.006Z] >>> [apiv2][query] GET https://firebase.googleapis.com/v1beta1/projects pageSize=100
[debug] [2021-06-20T11:27:04.437Z] <<< [apiv2][status] GET https://firebase.googleapis.com/v1beta1/projects 200
[debug] [2021-06-20T11:27:04.437Z] <<< [apiv2][body] GET https://firebase.googleapis.com/v1beta1/projects [omitted]
[info] i  Using project deploy-mysql (deploy-mysql) 
[info] 
=== Hosting Setup
[info] 
[info] Your public directory is the folder (relative to your project directory) that
[info] will contain Hosting assets to be uploaded with firebase deploy. If you
[info] have a build process for your assets, use your build's output directory.
[info] 
[debug] [2021-06-20T11:30:25.995Z] >>> [apiv2][query] GET https://www.gstatic.com/firebasejs/releases.json [none]
[debug] [2021-06-20T11:30:26.145Z] <<< [apiv2][status] GET https://www.gstatic.com/firebasejs/releases.json 200
[debug] [2021-06-20T11:30:26.145Z] <<< [apiv2][body] GET https://www.gstatic.com/firebasejs/releases.json {"current":{"version":"8.6.8","browserURL":"https://www.gstatic.com/firebasejs/8.6.8/firebase.js","packageURL":"https://www.gstatic.com/firebasejs/8.6.8/firebase.tgz"},"live":{"version":"8.6","browserURL":"https://www.gstatic.com/firebasejs/live/8.6/firebase.js","packageURL":"https://www.gstatic.com/firebasejs/live/8.6/firebase.tgz"},"components":{"analytics":"https://www.gstatic.com/firebasejs/8.6.8/firebase-analytics.js","app":"https://www.gstatic.com/firebasejs/8.6.8/firebase-app.js","app-check":"https://www.gstatic.com/firebasejs/8.6.8/firebase-app-check.js","auth":"https://www.gstatic.com/firebasejs/8.6.8/firebase-auth.js","database":"https://www.gstatic.com/firebasejs/8.6.8/firebase-database.js","firestore":"https://www.gstatic.com/firebasejs/8.6.8/firebase-firestore.js","functions":"https://www.gstatic.com/firebasejs/8.6.8/firebase-functions.js","installations":"https://www.gstatic.com/firebasejs/8.6.8/firebase-installations.js","messaging":"https://www.gstatic.com/firebasejs/8.6.8/firebase-messaging.js","storage":"https://www.gstatic.com/firebasejs/8.6.8/firebase-storage.js","performance":"https://www.gstatic.com/firebasejs/8.6.8/firebase-performance.js","remote-config":"https://www.gstatic.com/firebasejs/8.6.8/firebase-remote-config.js","firestore.memory":"https://www.gstatic.com/firebasejs/8.6.8/firebase-firestore.memory.js"}}
[info] i  Skipping write of dist/testAngularDeploy/index.html 
[info] 
[info] i  Didn't detect a .git folder. Assuming C:\Users\OOY\Desktop\New folder\testAngularDeploy is the project root. 
[info] i  Authorizing with GitHub to upload your service account to a GitHub repository's secrets store. 
[info] 
[info] Visit this URL on this device to log in:
[info] https://github.com/login/oauth/authorize?client_id=89cf50f02ac6aaed3484&state=75167544&redirect_uri=http%3A%2F%2Flocalhost%3A9005&scope=read%3Auser%20repo%20public_repo
[info] 
[info] Waiting for authentication...
[debug] [2021-06-20T11:30:37.948Z] >>> HTTP REQUEST POST https://github.com/login/oauth/access_token  
 {"client_id":"89cf50f02ac6aaed3484","client_secret":"3330d14abc895d9a74d5f17cd7a00711fa2c5bf0","code":"63ebf2617befead742b8","redirect_uri":"http://localhost:9005","state":"75167544"}
[debug] [2021-06-20T11:30:38.348Z] <<< HTTP RESPONSE 200 {"server":"GitHub.com","date":"Sun, 20 Jun 2021 11:30:39 GMT","content-type":"application/json; charset=utf-8","transfer-encoding":"chunked","vary":"X-PJAX, Accept-Encoding, Accept, X-Requested-With","permissions-policy":"interest-cohort=()","etag":"W/\"2ec426c84c0de53ec85edc77388447a2\"","cache-control":"max-age=0, private, must-revalidate","strict-transport-security":"max-age=31536000; includeSubdomains; preload","x-frame-options":"deny","x-content-type-options":"nosniff","x-xss-protection":"0","referrer-policy":"origin-when-cross-origin, strict-origin-when-cross-origin","expect-ct":"max-age=2592000, report-uri=\"https://api.github.com/_private/browser/errors\"","content-security-policy":"default-src 'none'; base-uri 'self'; block-all-mixed-content; connect-src 'self' uploads.github.com www.githubstatus.com collector.githubapp.com api.github.com github-cloud.s3.amazonaws.com github-production-repository-file-5c1aeb.s3.amazonaws.com github-production-upload-manifest-file-7fdce7.s3.amazonaws.com github-production-user-asset-6210df.s3.amazonaws.com cdn.optimizely.com logx.optimizely.com/v1/events translator.github.com wss://alive.github.com; font-src github.githubassets.com; form-action 'self' github.com gist.github.com; frame-ancestors 'none'; frame-src render.githubusercontent.com; img-src 'self' data: github.githubassets.com identicons.github.com collector.githubapp.com github-cloud.s3.amazonaws.com secured-user-images.githubusercontent.com/ *.githubusercontent.com; manifest-src 'self'; media-src 'none'; script-src github.githubassets.com; style-src 'unsafe-inline' github.githubassets.com; worker-src github.com/socket-worker-3f088aa2.js gist.github.com/socket-worker-3f088aa2.js","x-github-request-id":"80B5:255F:3928B:4031C:60CF26DF"}
[debug] [2021-06-20T11:30:38.358Z] >>> [apiv2][query] GET https://api.github.com/user [none]
[debug] [2021-06-20T11:30:38.837Z] <<< [apiv2][status] GET https://api.github.com/user 200
[debug] [2021-06-20T11:30:38.837Z] <<< [apiv2][body] GET https://api.github.com/user {"login":"ooy30","id":51280309,"node_id":"MDQ6VXNlcjUxMjgwMzA5","avatar_url":"https://avatars.githubusercontent.com/u/51280309?v=4","gravatar_id":"","url":"https://api.github.com/users/ooy30","html_url":"https://github.com/ooy30","followers_url":"https://api.github.com/users/ooy30/followers","following_url":"https://api.github.com/users/ooy30/following{/other_user}","gists_url":"https://api.github.com/users/ooy30/gists{/gist_id}","starred_url":"https://api.github.com/users/ooy30/starred{/owner}{/repo}","subscriptions_url":"https://api.github.com/users/ooy30/subscriptions","organizations_url":"https://api.github.com/users/ooy30/orgs","repos_url":"https://api.github.com/users/ooy30/repos","events_url":"https://api.github.com/users/ooy30/events{/privacy}","received_events_url":"https://api.github.com/users/ooy30/received_events","type":"User","site_admin":false,"name":"ooysuwanan","company":null,"blog":"","location":null,"email":null,"hireable":null,"bio":null,"twitter_username":null,"public_repos":7,"public_gists":0,"followers":1,"following":1,"created_at":"2019-06-02T03:46:36Z","updated_at":"2021-06-20T07:06:20Z","private_gists":0,"total_private_repos":0,"owned_private_repos":0,"disk_usage":146495,"collaborators":0,"two_factor_authentication":false,"plan":{"name":"free","space":976562499,"collaborators":0,"private_repos":10000}}
[info] 
[info] +  Success! Logged into GitHub as ooy30 
[info] 
[debug] [2021-06-20T11:31:22.904Z] >>> [apiv2][query] GET https://api.github.com/repos/ooy30/actions/secrets/public-key type=owner
[debug] [2021-06-20T11:31:22.910Z] >>> [apiv2][query] GET https://api.github.com/repos///actions/secrets/public-key type=owner
[debug] [2021-06-20T11:31:23.291Z] <<< [apiv2][status] GET https://api.github.com/repos/ooy30/actions/secrets/public-key 404
[debug] [2021-06-20T11:31:23.292Z] <<< [apiv2][body] GET https://api.github.com/repos/ooy30/actions/secrets/public-key {"message":"Not Found","documentation_url":"https://docs.github.com/rest"}
[debug] [2021-06-20T11:31:23.317Z] <<< [apiv2][status] GET https://api.github.com/repos///actions/secrets/public-key 404
[debug] [2021-06-20T11:31:23.317Z] <<< [apiv2][body] GET https://api.github.com/repos///actions/secrets/public-key {"message":"Not Found","documentation_url":"https://docs.github.com/rest"}
